2021-12-19 20:56:33,529 INFO     Frame extraction extarting...
2021-12-19 20:56:33,529 INFO     Getting buffer values
2021-12-19 20:56:35,799 INFO     Frame nº 0:[59  0]
2021-12-19 20:56:35,981 INFO     Frame nº 1:[58  1]
2021-12-19 20:56:36,113 INFO     Frame nº 2:[58  2]
2021-12-19 20:56:36,255 INFO     Frame nº 3:[58  2]
2021-12-19 20:56:36,391 INFO     Frame nº 4:[58  3]
2021-12-19 20:56:36,529 INFO     Frame nº 5:[57  4]
2021-12-19 20:56:36,663 INFO     Frame nº 6:[57  5]
2021-12-19 20:56:36,800 INFO     Frame nº 7:[56  7]
2021-12-19 20:56:36,948 INFO     Frame nº 8:[56  9]
2021-12-19 20:56:37,092 INFO     Frame nº 9:[55 11]
2021-12-19 20:56:37,238 INFO     Frame nº 10:[55 12]
2021-12-19 20:56:37,388 INFO     Frame nº 11:[55 15]
2021-12-19 20:56:37,539 INFO     Frame nº 12:[54 17]
2021-12-19 20:56:37,690 INFO     Frame nº 13:[54 19]
2021-12-19 20:56:37,843 INFO     Frame nº 14:[54 20]
2021-12-19 20:56:37,999 INFO     Frame nº 15:[53 22]
2021-12-19 20:56:38,145 INFO     Frame nº 16:[53 24]
2021-12-19 20:56:38,298 INFO     Frame nº 17:[52 26]
2021-12-19 20:56:38,443 INFO     Frame nº 18:[52 28]
2021-12-19 20:56:38,590 INFO     Frame nº 19:[52 30]
2021-12-19 20:56:38,737 INFO     Frame nº 20:[51 31]
2021-12-19 20:56:38,889 INFO     Frame nº 21:[51 33]
2021-12-19 20:56:39,044 INFO     Frame nº 22:[51 35]
2021-12-19 20:56:39,198 INFO     Frame nº 23:[50 37]
2021-12-19 20:56:39,352 INFO     Frame nº 24:[50 39]
2021-12-19 20:56:39,514 INFO     Frame nº 25:[50 40]
2021-12-19 20:56:39,674 INFO     Frame nº 26:[49 42]
2021-12-19 20:56:39,834 INFO     Frame nº 27:[49 44]
2021-12-19 20:56:39,996 INFO     Frame nº 28:[49 46]
2021-12-19 20:56:40,220 INFO     Frame nº 29:[48 48]
2021-12-19 20:56:40,398 INFO     Frame nº 30:[48 49]
2021-12-19 20:56:40,558 INFO     Frame nº 31:[48 51]
2021-12-19 20:56:40,732 INFO     Frame nº 32:[47 53]
2021-12-19 20:56:40,931 INFO     Frame nº 33:[47 55]
2021-12-19 20:56:41,122 INFO     Frame nº 34:[46 56]
2021-12-19 20:56:41,308 INFO     Frame nº 35:[46 58]
2021-12-19 20:56:41,481 INFO     Frame nº 36:[46 60]
2021-12-19 20:56:41,665 INFO     Frame nº 37:[45 62]
2021-12-19 20:56:41,838 INFO     Frame nº 38:[45 63]
2021-12-19 20:56:42,006 INFO     Frame nº 39:[45 65]
2021-12-19 20:56:42,181 INFO     Frame nº 40:[44 67]
2021-12-19 20:56:42,364 INFO     Frame nº 41:[44 68]
2021-12-19 20:56:42,536 INFO     Frame nº 42:[44 70]
2021-12-19 20:56:42,723 INFO     Frame nº 43:[43 72]
2021-12-19 20:56:42,903 INFO     Frame nº 44:[43 74]
2021-12-19 20:56:43,085 INFO     Frame nº 45:[43 75]
2021-12-19 20:56:43,284 INFO     Frame nº 46:[42 77]
2021-12-19 20:56:43,470 INFO     Frame nº 47:[42 79]
2021-12-19 20:56:43,655 INFO     Frame nº 48:[42 80]
2021-12-19 20:56:43,849 INFO     Frame nº 49:[42 82]
2021-12-19 20:56:44,503 DEBUG    Frame nº 50;       Real value to predict... [41 83]
2021-12-19 20:56:44,503 DEBUG    Frame nº 50;       Predicted value... [86 67]
2021-12-19 20:56:44,503 WARNING  ----- BAD PREDICTION. More than 5 pixels of differential in X axis  ----- Real value... 41 vs Predicted value... 86
2021-12-19 20:56:44,504 WARNING  ----- BAD PREDICTION. More than 5 pixels of differential in Y axis  ----- Real value... 83 vs Predicted value... 67
2021-12-19 20:56:44,813 DEBUG    Frame nº 51;       Real value to predict... [41 85]
2021-12-19 20:56:44,813 DEBUG    Frame nº 51;       Predicted value... [85 72]
2021-12-19 20:56:44,814 WARNING  ----- BAD PREDICTION. More than 5 pixels of differential in X axis  ----- Real value... 41 vs Predicted value... 85
2021-12-19 20:56:44,814 WARNING  ----- BAD PREDICTION. More than 5 pixels of differential in Y axis  ----- Real value... 85 vs Predicted value... 72
2021-12-19 20:56:45,083 DEBUG    Frame nº 52;       Real value to predict... [41 87]
2021-12-19 20:56:45,084 DEBUG    Frame nº 52;       Predicted value... [78 88]
2021-12-19 20:56:45,084 WARNING  ----- BAD PREDICTION. More than 5 pixels of differential in X axis  ----- Real value... 41 vs Predicted value... 78
2021-12-19 20:56:45,345 DEBUG    Frame nº 53;       Real value to predict... [40 88]
2021-12-19 20:56:45,345 DEBUG    Frame nº 53;       Predicted value... [77 96]
2021-12-19 20:56:45,345 WARNING  ----- BAD PREDICTION. More than 5 pixels of differential in X axis  ----- Real value... 40 vs Predicted value... 77
2021-12-19 20:56:45,345 WARNING  ----- BAD PREDICTION. More than 5 pixels of differential in Y axis  ----- Real value... 88 vs Predicted value... 96
2021-12-19 20:56:45,611 DEBUG    Frame nº 54;       Real value to predict... [40 90]
2021-12-19 20:56:45,612 DEBUG    Frame nº 54;       Predicted value... [77 98]
2021-12-19 20:56:45,612 WARNING  ----- BAD PREDICTION. More than 5 pixels of differential in X axis  ----- Real value... 40 vs Predicted value... 77
2021-12-19 20:56:45,612 WARNING  ----- BAD PREDICTION. More than 5 pixels of differential in Y axis  ----- Real value... 90 vs Predicted value... 98
2021-12-19 20:56:45,895 DEBUG    Frame nº 55;       Real value to predict... [39 92]
2021-12-19 20:56:45,895 DEBUG    Frame nº 55;       Predicted value... [77 99]
2021-12-19 20:56:45,895 WARNING  ----- BAD PREDICTION. More than 5 pixels of differential in X axis  ----- Real value... 39 vs Predicted value... 77
2021-12-19 20:56:45,896 WARNING  ----- BAD PREDICTION. More than 5 pixels of differential in Y axis  ----- Real value... 92 vs Predicted value... 99
2021-12-19 20:56:46,194 DEBUG    Frame nº 56;       Real value to predict... [39 93]
2021-12-19 20:56:46,194 DEBUG    Frame nº 56;       Predicted value... [ 75 100]
2021-12-19 20:56:46,195 WARNING  ----- BAD PREDICTION. More than 5 pixels of differential in X axis  ----- Real value... 39 vs Predicted value... 75
2021-12-19 20:56:46,195 WARNING  ----- BAD PREDICTION. More than 5 pixels of differential in Y axis  ----- Real value... 93 vs Predicted value... 100
2021-12-19 20:56:46,493 DEBUG    Frame nº 57;       Real value to predict... [39 95]
2021-12-19 20:56:46,494 DEBUG    Frame nº 57;       Predicted value... [ 59 102]
2021-12-19 20:56:46,494 WARNING  ----- BAD PREDICTION. More than 5 pixels of differential in X axis  ----- Real value... 39 vs Predicted value... 59
2021-12-19 20:56:46,495 WARNING  ----- BAD PREDICTION. More than 5 pixels of differential in Y axis  ----- Real value... 95 vs Predicted value... 102
2021-12-19 20:56:46,797 DEBUG    Frame nº 58;       Real value to predict... [38 96]
2021-12-19 20:56:46,797 DEBUG    Frame nº 58;       Predicted value... [ 50 103]
2021-12-19 20:56:46,797 WARNING  ----- BAD PREDICTION. More than 5 pixels of differential in X axis  ----- Real value... 38 vs Predicted value... 50
2021-12-19 20:56:46,797 WARNING  ----- BAD PREDICTION. More than 5 pixels of differential in Y axis  ----- Real value... 96 vs Predicted value... 103
2021-12-19 20:56:47,093 DEBUG    Frame nº 59;       Real value to predict... [38 98]
2021-12-19 20:56:47,093 DEBUG    Frame nº 59;       Predicted value... [ 44 103]
2021-12-19 20:56:47,093 WARNING  ----- BAD PREDICTION. More than 5 pixels of differential in X axis  ----- Real value... 38 vs Predicted value... 44
2021-12-19 20:56:47,093 WARNING  ----- BAD PREDICTION. More than 5 pixels of differential in Y axis  ----- Real value... 98 vs Predicted value... 103
2021-12-19 20:56:47,372 DEBUG    Frame nº 60;       Real value to predict... [ 38 100]
2021-12-19 20:56:47,372 DEBUG    Frame nº 60;       Predicted value... [ 41 104]
2021-12-19 20:56:47,372 DEBUG    ----- GOOD PREDICTION  -----
2021-12-19 20:56:47,662 DEBUG    Frame nº 61;       Real value to predict... [ 37 101]
2021-12-19 20:56:47,663 DEBUG    Frame nº 61;       Predicted value... [ 40 104]
2021-12-19 20:56:47,663 DEBUG    ----- GOOD PREDICTION  -----
2021-12-19 20:56:47,953 DEBUG    Frame nº 62;       Real value to predict... [ 37 103]
2021-12-19 20:56:47,954 DEBUG    Frame nº 62;       Predicted value... [ 40 105]
2021-12-19 20:56:47,954 DEBUG    ----- GOOD PREDICTION  -----
2021-12-19 20:56:48,298 DEBUG    Frame nº 63;       Real value to predict... [ 37 104]
2021-12-19 20:56:48,299 DEBUG    Frame nº 63;       Predicted value... [ 39 106]
2021-12-19 20:56:48,299 DEBUG    ----- GOOD PREDICTION  -----
2021-12-19 20:56:48,602 DEBUG    Frame nº 64;       Real value to predict... [ 36 106]
2021-12-19 20:56:48,603 DEBUG    Frame nº 64;       Predicted value... [ 39 106]
2021-12-19 20:56:48,603 DEBUG    ----- GOOD PREDICTION  -----
2021-12-19 20:56:48,931 DEBUG    Frame nº 65;       Real value to predict... [ 36 107]
2021-12-19 20:56:48,932 DEBUG    Frame nº 65;       Predicted value... [ 38 107]
2021-12-19 20:56:48,932 DEBUG    ----- GOOD PREDICTION  -----
2021-12-19 20:56:49,247 DEBUG    Frame nº 66;       Real value to predict... [ 36 109]
2021-12-19 20:56:49,247 DEBUG    Frame nº 66;       Predicted value... [ 38 108]
2021-12-19 20:56:49,248 DEBUG    ----- GOOD PREDICTION  -----
2021-12-19 20:56:49,639 DEBUG    Frame nº 67;       Real value to predict... [ 36 111]
2021-12-19 20:56:49,639 DEBUG    Frame nº 67;       Predicted value... [ 37 108]
2021-12-19 20:56:49,639 DEBUG    ----- GOOD PREDICTION  -----
2021-12-19 20:56:50,012 DEBUG    Frame nº 68;       Real value to predict... [ 35 112]
2021-12-19 20:56:50,012 DEBUG    Frame nº 68;       Predicted value... [ 36 110]
2021-12-19 20:56:50,012 DEBUG    ----- GOOD PREDICTION  -----
2021-12-19 20:56:52,398 INFO     Video Prediction ended...
